{"C:\\Users\\Ami\\Documents\\Futureproof\\Lap 1\\Project\\backend\\data.js": {"path":"C:\\Users\\Ami\\Documents\\Futureproof\\Lap 1\\Project\\backend\\data.js","statementMap":{"0":{"start":{"line":1,"column":13},"end":{"line":36,"column":1}},"1":{"start":{"line":38,"column":0},"end":{"line":38,"column":22}}},"fnMap":{},"branchMap":{},"s":{"0":1,"1":1},"f":{},"b":{},"_coverageSchema":"1a1c01bbd47fc00a2c39e90264f33305004495a9","hash":"cf77156cb45c8efffe2a486c600ebd8160a9f776"}
,"C:\\Users\\Ami\\Documents\\Futureproof\\Lap 1\\Project\\backend\\server.js": {"path":"C:\\Users\\Ami\\Documents\\Futureproof\\Lap 1\\Project\\backend\\server.js","statementMap":{"0":{"start":{"line":1,"column":16},"end":{"line":1,"column":34}},"1":{"start":{"line":2,"column":15},"end":{"line":2,"column":24}},"2":{"start":{"line":4,"column":11},"end":{"line":4,"column":26}},"3":{"start":{"line":5,"column":0},"end":{"line":5,"column":19}},"4":{"start":{"line":7,"column":20},"end":{"line":7,"column":52}},"5":{"start":{"line":9,"column":0},"end":{"line":11,"column":2}},"6":{"start":{"line":10,"column":4},"end":{"line":10,"column":38}},"7":{"start":{"line":13,"column":0},"end":{"line":13,"column":35}},"8":{"start":{"line":15,"column":0},"end":{"line":15,"column":24}}},"fnMap":{"0":{"name":"(anonymous_0)","decl":{"start":{"line":9,"column":16},"end":{"line":9,"column":17}},"loc":{"start":{"line":9,"column":30},"end":{"line":11,"column":1}},"line":9}},"branchMap":{},"s":{"0":1,"1":1,"2":1,"3":1,"4":1,"5":1,"6":1,"7":1,"8":1},"f":{"0":1},"b":{},"_coverageSchema":"1a1c01bbd47fc00a2c39e90264f33305004495a9","hash":"5669f1fe6d4311d88dea2a5db351d83d93eb1082"}
,"C:\\Users\\Ami\\Documents\\Futureproof\\Lap 1\\Project\\backend\\controllers\\entries.js": {"path":"C:\\Users\\Ami\\Documents\\Futureproof\\Lap 1\\Project\\backend\\controllers\\entries.js","statementMap":{"0":{"start":{"line":1,"column":16},"end":{"line":1,"column":34}},"1":{"start":{"line":2,"column":14},"end":{"line":2,"column":40}},"2":{"start":{"line":3,"column":15},"end":{"line":3,"column":31}},"3":{"start":{"line":6,"column":0},"end":{"line":9,"column":2}},"4":{"start":{"line":7,"column":23},"end":{"line":7,"column":32}},"5":{"start":{"line":8,"column":4},"end":{"line":8,"column":24}},"6":{"start":{"line":11,"column":0},"end":{"line":25,"column":2}},"7":{"start":{"line":12,"column":4},"end":{"line":12,"column":21}},"8":{"start":{"line":13,"column":4},"end":{"line":13,"column":31}},"9":{"start":{"line":14,"column":4},"end":{"line":24,"column":5}},"10":{"start":{"line":15,"column":24},"end":{"line":15,"column":47}},"11":{"start":{"line":16,"column":30},"end":{"line":16,"column":53}},"12":{"start":{"line":17,"column":8},"end":{"line":19,"column":9}},"13":{"start":{"line":18,"column":12},"end":{"line":18,"column":57}},"14":{"start":{"line":20,"column":8},"end":{"line":20,"column":32}},"15":{"start":{"line":22,"column":8},"end":{"line":22,"column":25}},"16":{"start":{"line":23,"column":8},"end":{"line":23,"column":54}},"17":{"start":{"line":27,"column":0},"end":{"line":31,"column":2}},"18":{"start":{"line":28,"column":17},"end":{"line":28,"column":25}},"19":{"start":{"line":29,"column":21},"end":{"line":29,"column":39}},"20":{"start":{"line":30,"column":4},"end":{"line":30,"column":35}},"21":{"start":{"line":33,"column":0},"end":{"line":37,"column":2}},"22":{"start":{"line":34,"column":17},"end":{"line":34,"column":25}},"23":{"start":{"line":35,"column":21},"end":{"line":35,"column":39}},"24":{"start":{"line":36,"column":4},"end":{"line":36,"column":35}},"25":{"start":{"line":47,"column":0},"end":{"line":47,"column":24}}},"fnMap":{"0":{"name":"(anonymous_0)","decl":{"start":{"line":6,"column":16},"end":{"line":6,"column":17}},"loc":{"start":{"line":6,"column":30},"end":{"line":9,"column":1}},"line":6},"1":{"name":"(anonymous_1)","decl":{"start":{"line":11,"column":19},"end":{"line":11,"column":20}},"loc":{"start":{"line":11,"column":33},"end":{"line":25,"column":1}},"line":11},"2":{"name":"(anonymous_2)","decl":{"start":{"line":27,"column":17},"end":{"line":27,"column":18}},"loc":{"start":{"line":27,"column":31},"end":{"line":31,"column":1}},"line":27},"3":{"name":"(anonymous_3)","decl":{"start":{"line":33,"column":19},"end":{"line":33,"column":20}},"loc":{"start":{"line":33,"column":33},"end":{"line":37,"column":1}},"line":33}},"branchMap":{"0":{"loc":{"start":{"line":17,"column":8},"end":{"line":19,"column":9}},"type":"if","locations":[{"start":{"line":17,"column":8},"end":{"line":19,"column":9}},{"start":{},"end":{}}],"line":17}},"s":{"0":1,"1":1,"2":1,"3":1,"4":0,"5":0,"6":1,"7":0,"8":0,"9":0,"10":0,"11":0,"12":0,"13":0,"14":0,"15":0,"16":0,"17":1,"18":0,"19":0,"20":0,"21":1,"22":0,"23":0,"24":0,"25":1},"f":{"0":0,"1":0,"2":0,"3":0},"b":{"0":[0,0]},"_coverageSchema":"1a1c01bbd47fc00a2c39e90264f33305004495a9","hash":"3a86502414a2871024d9d042ebc80713f493b9b6"}
,"C:\\Users\\Ami\\Documents\\Futureproof\\Lap 1\\Project\\backend\\models\\entry.js": {"path":"C:\\Users\\Ami\\Documents\\Futureproof\\Lap 1\\Project\\backend\\models\\entry.js","statementMap":{"0":{"start":{"line":1,"column":13},"end":{"line":1,"column":31}},"1":{"start":{"line":5,"column":8},"end":{"line":5,"column":34}},"2":{"start":{"line":6,"column":8},"end":{"line":6,"column":34}},"3":{"start":{"line":7,"column":8},"end":{"line":7,"column":32}},"4":{"start":{"line":8,"column":8},"end":{"line":8,"column":36}},"5":{"start":{"line":9,"column":8},"end":{"line":9,"column":38}},"6":{"start":{"line":10,"column":8},"end":{"line":10,"column":34}},"7":{"start":{"line":11,"column":8},"end":{"line":11,"column":26}},"8":{"start":{"line":12,"column":8},"end":{"line":12,"column":26}},"9":{"start":{"line":13,"column":8},"end":{"line":13,"column":26}},"10":{"start":{"line":17,"column":24},"end":{"line":17,"column":61}},"11":{"start":{"line":17,"column":44},"end":{"line":17,"column":60}},"12":{"start":{"line":18,"column":8},"end":{"line":18,"column":23}},"13":{"start":{"line":22,"column":26},"end":{"line":22,"column":75}},"14":{"start":{"line":22,"column":49},"end":{"line":22,"column":71}},"15":{"start":{"line":23,"column":8},"end":{"line":25,"column":9}},"16":{"start":{"line":24,"column":12},"end":{"line":24,"column":19}},"17":{"start":{"line":26,"column":22},"end":{"line":26,"column":42}},"18":{"start":{"line":27,"column":8},"end":{"line":27,"column":21}},"19":{"start":{"line":31,"column":27},"end":{"line":31,"column":42}},"20":{"start":{"line":32,"column":25},"end":{"line":32,"column":67}},"21":{"start":{"line":33,"column":8},"end":{"line":33,"column":28}},"22":{"start":{"line":34,"column":8},"end":{"line":34,"column":24}},"23":{"start":{"line":38,"column":22},"end":{"line":38,"column":77}},"24":{"start":{"line":38,"column":45},"end":{"line":38,"column":73}},"25":{"start":{"line":39,"column":8},"end":{"line":39,"column":44}},"26":{"start":{"line":44,"column":0},"end":{"line":44,"column":23}}},"fnMap":{"0":{"name":"(anonymous_0)","decl":{"start":{"line":4,"column":4},"end":{"line":4,"column":5}},"loc":{"start":{"line":4,"column":22},"end":{"line":14,"column":5}},"line":4},"1":{"name":"(anonymous_1)","decl":{"start":{"line":16,"column":4},"end":{"line":16,"column":5}},"loc":{"start":{"line":16,"column":21},"end":{"line":19,"column":5}},"line":16},"2":{"name":"(anonymous_2)","decl":{"start":{"line":17,"column":33},"end":{"line":17,"column":34}},"loc":{"start":{"line":17,"column":44},"end":{"line":17,"column":60}},"line":17},"3":{"name":"(anonymous_3)","decl":{"start":{"line":21,"column":4},"end":{"line":21,"column":5}},"loc":{"start":{"line":21,"column":28},"end":{"line":28,"column":5}},"line":21},"4":{"name":"(anonymous_4)","decl":{"start":{"line":22,"column":38},"end":{"line":22,"column":39}},"loc":{"start":{"line":22,"column":49},"end":{"line":22,"column":71}},"line":22},"5":{"name":"(anonymous_5)","decl":{"start":{"line":30,"column":4},"end":{"line":30,"column":5}},"loc":{"start":{"line":30,"column":25},"end":{"line":35,"column":5}},"line":30},"6":{"name":"(anonymous_6)","decl":{"start":{"line":37,"column":4},"end":{"line":37,"column":5}},"loc":{"start":{"line":37,"column":14},"end":{"line":40,"column":5}},"line":37},"7":{"name":"(anonymous_7)","decl":{"start":{"line":38,"column":34},"end":{"line":38,"column":35}},"loc":{"start":{"line":38,"column":45},"end":{"line":38,"column":73}},"line":38}},"branchMap":{"0":{"loc":{"start":{"line":23,"column":8},"end":{"line":25,"column":9}},"type":"if","locations":[{"start":{"line":23,"column":8},"end":{"line":25,"column":9}},{"start":{},"end":{}}],"line":23}},"s":{"0":1,"1":0,"2":0,"3":0,"4":0,"5":0,"6":0,"7":0,"8":0,"9":0,"10":0,"11":0,"12":0,"13":0,"14":0,"15":0,"16":0,"17":0,"18":0,"19":0,"20":0,"21":0,"22":0,"23":0,"24":0,"25":0,"26":1},"f":{"0":0,"1":0,"2":0,"3":0,"4":0,"5":0,"6":0,"7":0},"b":{"0":[0,0]},"_coverageSchema":"1a1c01bbd47fc00a2c39e90264f33305004495a9","hash":"971c10ee50525ee66f2e0f04ee1d3c467ebbd5b9"}
}
