{"/Users/aimy1/Desktop/futureproof/lap1/maulers-server/server.js": {"path":"/Users/aimy1/Desktop/futureproof/lap1/maulers-server/server.js","statementMap":{"0":{"start":{"line":1,"column":16},"end":{"line":1,"column":34}},"1":{"start":{"line":2,"column":15},"end":{"line":2,"column":24}},"2":{"start":{"line":4,"column":11},"end":{"line":4,"column":26}},"3":{"start":{"line":5,"column":0},"end":{"line":5,"column":18}},"4":{"start":{"line":7,"column":19},"end":{"line":7,"column":41}},"5":{"start":{"line":8,"column":0},"end":{"line":8,"column":29}},"6":{"start":{"line":17,"column":20},"end":{"line":17,"column":52}},"7":{"start":{"line":19,"column":0},"end":{"line":21,"column":2}},"8":{"start":{"line":20,"column":4},"end":{"line":20,"column":38}},"9":{"start":{"line":23,"column":0},"end":{"line":23,"column":35}},"10":{"start":{"line":25,"column":0},"end":{"line":25,"column":24}}},"fnMap":{"0":{"name":"(anonymous_0)","decl":{"start":{"line":19,"column":16},"end":{"line":19,"column":17}},"loc":{"start":{"line":19,"column":30},"end":{"line":21,"column":1}},"line":19}},"branchMap":{},"s":{"0":1,"1":1,"2":1,"3":1,"4":1,"5":1,"6":1,"7":1,"8":1,"9":1,"10":1},"f":{"0":1},"b":{},"_coverageSchema":"1a1c01bbd47fc00a2c39e90264f33305004495a9","hash":"a26e18c08bb1cce8fc71e708521e1690d59b088e"}
,"/Users/aimy1/Desktop/futureproof/lap1/maulers-server/controllers/entries.js": {"path":"/Users/aimy1/Desktop/futureproof/lap1/maulers-server/controllers/entries.js","statementMap":{"0":{"start":{"line":1,"column":16},"end":{"line":1,"column":34}},"1":{"start":{"line":2,"column":14},"end":{"line":2,"column":40}},"2":{"start":{"line":3,"column":15},"end":{"line":3,"column":31}},"3":{"start":{"line":6,"column":0},"end":{"line":9,"column":2}},"4":{"start":{"line":7,"column":23},"end":{"line":7,"column":32}},"5":{"start":{"line":8,"column":4},"end":{"line":8,"column":24}},"6":{"start":{"line":11,"column":0},"end":{"line":25,"column":2}},"7":{"start":{"line":14,"column":4},"end":{"line":24,"column":5}},"8":{"start":{"line":15,"column":24},"end":{"line":15,"column":47}},"9":{"start":{"line":16,"column":30},"end":{"line":16,"column":53}},"10":{"start":{"line":17,"column":8},"end":{"line":19,"column":9}},"11":{"start":{"line":18,"column":12},"end":{"line":18,"column":57}},"12":{"start":{"line":20,"column":8},"end":{"line":20,"column":32}},"13":{"start":{"line":23,"column":8},"end":{"line":23,"column":54}},"14":{"start":{"line":27,"column":0},"end":{"line":41,"column":2}},"15":{"start":{"line":30,"column":4},"end":{"line":40,"column":5}},"16":{"start":{"line":31,"column":24},"end":{"line":31,"column":47}},"17":{"start":{"line":32,"column":30},"end":{"line":32,"column":53}},"18":{"start":{"line":33,"column":8},"end":{"line":35,"column":9}},"19":{"start":{"line":34,"column":12},"end":{"line":34,"column":57}},"20":{"start":{"line":36,"column":8},"end":{"line":36,"column":41}},"21":{"start":{"line":39,"column":8},"end":{"line":39,"column":54}},"22":{"start":{"line":43,"column":0},"end":{"line":58,"column":2}},"23":{"start":{"line":46,"column":4},"end":{"line":57,"column":5}},"24":{"start":{"line":47,"column":24},"end":{"line":47,"column":47}},"25":{"start":{"line":48,"column":20},"end":{"line":48,"column":48}},"26":{"start":{"line":49,"column":30},"end":{"line":49,"column":53}},"27":{"start":{"line":50,"column":8},"end":{"line":52,"column":9}},"28":{"start":{"line":51,"column":12},"end":{"line":51,"column":57}},"29":{"start":{"line":53,"column":8},"end":{"line":53,"column":46}},"30":{"start":{"line":56,"column":8},"end":{"line":56,"column":54}},"31":{"start":{"line":62,"column":0},"end":{"line":79,"column":3}},"32":{"start":{"line":63,"column":18},"end":{"line":63,"column":27}},"33":{"start":{"line":67,"column":22},"end":{"line":67,"column":49}},"34":{"start":{"line":69,"column":15},"end":{"line":69,"column":36}},"35":{"start":{"line":70,"column":4},"end":{"line":70,"column":28}},"36":{"start":{"line":70,"column":17},"end":{"line":70,"column":26}},"37":{"start":{"line":71,"column":4},"end":{"line":73,"column":5}},"38":{"start":{"line":72,"column":8},"end":{"line":72,"column":24}},"39":{"start":{"line":74,"column":4},"end":{"line":78,"column":7}},"40":{"start":{"line":81,"column":0},"end":{"line":85,"column":2}},"41":{"start":{"line":82,"column":17},"end":{"line":82,"column":25}},"42":{"start":{"line":83,"column":21},"end":{"line":83,"column":39}},"43":{"start":{"line":84,"column":4},"end":{"line":84,"column":35}},"44":{"start":{"line":87,"column":0},"end":{"line":110,"column":2}},"45":{"start":{"line":89,"column":20},"end":{"line":89,"column":43}},"46":{"start":{"line":91,"column":26},"end":{"line":91,"column":49}},"47":{"start":{"line":93,"column":4},"end":{"line":95,"column":5}},"48":{"start":{"line":94,"column":8},"end":{"line":94,"column":67}},"49":{"start":{"line":96,"column":4},"end":{"line":98,"column":5}},"50":{"start":{"line":97,"column":8},"end":{"line":97,"column":69}},"51":{"start":{"line":99,"column":4},"end":{"line":101,"column":5}},"52":{"start":{"line":100,"column":8},"end":{"line":100,"column":56}},"53":{"start":{"line":102,"column":4},"end":{"line":104,"column":5}},"54":{"start":{"line":103,"column":8},"end":{"line":103,"column":56}},"55":{"start":{"line":105,"column":4},"end":{"line":107,"column":5}},"56":{"start":{"line":106,"column":8},"end":{"line":106,"column":56}},"57":{"start":{"line":109,"column":4},"end":{"line":109,"column":40}},"58":{"start":{"line":112,"column":0},"end":{"line":117,"column":2}},"59":{"start":{"line":113,"column":15},"end":{"line":113,"column":38}},"60":{"start":{"line":114,"column":27},"end":{"line":114,"column":45}},"61":{"start":{"line":115,"column":4},"end":{"line":115,"column":29}},"62":{"start":{"line":116,"column":4},"end":{"line":116,"column":27}},"63":{"start":{"line":120,"column":0},"end":{"line":120,"column":24}}},"fnMap":{"0":{"name":"(anonymous_0)","decl":{"start":{"line":6,"column":16},"end":{"line":6,"column":17}},"loc":{"start":{"line":6,"column":30},"end":{"line":9,"column":1}},"line":6},"1":{"name":"(anonymous_1)","decl":{"start":{"line":11,"column":19},"end":{"line":11,"column":20}},"loc":{"start":{"line":11,"column":33},"end":{"line":25,"column":1}},"line":11},"2":{"name":"(anonymous_2)","decl":{"start":{"line":27,"column":28},"end":{"line":27,"column":29}},"loc":{"start":{"line":27,"column":42},"end":{"line":41,"column":1}},"line":27},"3":{"name":"(anonymous_3)","decl":{"start":{"line":43,"column":33},"end":{"line":43,"column":34}},"loc":{"start":{"line":43,"column":47},"end":{"line":58,"column":1}},"line":43},"4":{"name":"(anonymous_4)","decl":{"start":{"line":62,"column":27},"end":{"line":62,"column":28}},"loc":{"start":{"line":62,"column":41},"end":{"line":79,"column":1}},"line":62},"5":{"name":"(anonymous_5)","decl":{"start":{"line":81,"column":17},"end":{"line":81,"column":18}},"loc":{"start":{"line":81,"column":31},"end":{"line":85,"column":1}},"line":81},"6":{"name":"(anonymous_6)","decl":{"start":{"line":87,"column":19},"end":{"line":87,"column":20}},"loc":{"start":{"line":87,"column":33},"end":{"line":110,"column":1}},"line":87},"7":{"name":"(anonymous_7)","decl":{"start":{"line":112,"column":22},"end":{"line":112,"column":23}},"loc":{"start":{"line":112,"column":36},"end":{"line":117,"column":1}},"line":112}},"branchMap":{"0":{"loc":{"start":{"line":17,"column":8},"end":{"line":19,"column":9}},"type":"if","locations":[{"start":{"line":17,"column":8},"end":{"line":19,"column":9}},{"start":{},"end":{}}],"line":17},"1":{"loc":{"start":{"line":33,"column":8},"end":{"line":35,"column":9}},"type":"if","locations":[{"start":{"line":33,"column":8},"end":{"line":35,"column":9}},{"start":{},"end":{}}],"line":33},"2":{"loc":{"start":{"line":50,"column":8},"end":{"line":52,"column":9}},"type":"if","locations":[{"start":{"line":50,"column":8},"end":{"line":52,"column":9}},{"start":{},"end":{}}],"line":50},"3":{"loc":{"start":{"line":70,"column":4},"end":{"line":70,"column":28}},"type":"if","locations":[{"start":{"line":70,"column":4},"end":{"line":70,"column":28}},{"start":{},"end":{}}],"line":70},"4":{"loc":{"start":{"line":71,"column":4},"end":{"line":73,"column":5}},"type":"if","locations":[{"start":{"line":71,"column":4},"end":{"line":73,"column":5}},{"start":{},"end":{}}],"line":71},"5":{"loc":{"start":{"line":93,"column":4},"end":{"line":95,"column":5}},"type":"if","locations":[{"start":{"line":93,"column":4},"end":{"line":95,"column":5}},{"start":{},"end":{}}],"line":93},"6":{"loc":{"start":{"line":96,"column":4},"end":{"line":98,"column":5}},"type":"if","locations":[{"start":{"line":96,"column":4},"end":{"line":98,"column":5}},{"start":{},"end":{}}],"line":96},"7":{"loc":{"start":{"line":99,"column":4},"end":{"line":101,"column":5}},"type":"if","locations":[{"start":{"line":99,"column":4},"end":{"line":101,"column":5}},{"start":{},"end":{}}],"line":99},"8":{"loc":{"start":{"line":102,"column":4},"end":{"line":104,"column":5}},"type":"if","locations":[{"start":{"line":102,"column":4},"end":{"line":104,"column":5}},{"start":{},"end":{}}],"line":102},"9":{"loc":{"start":{"line":105,"column":4},"end":{"line":107,"column":5}},"type":"if","locations":[{"start":{"line":105,"column":4},"end":{"line":107,"column":5}},{"start":{},"end":{}}],"line":105}},"s":{"0":1,"1":1,"2":1,"3":1,"4":2,"5":2,"6":1,"7":3,"8":3,"9":3,"10":3,"11":2,"12":1,"13":2,"14":1,"15":1,"16":1,"17":1,"18":1,"19":0,"20":1,"21":0,"22":1,"23":0,"24":0,"25":0,"26":0,"27":0,"28":0,"29":0,"30":0,"31":1,"32":0,"33":0,"34":0,"35":0,"36":0,"37":0,"38":0,"39":0,"40":1,"41":1,"42":1,"43":1,"44":1,"45":5,"46":5,"47":5,"48":4,"49":5,"50":1,"51":5,"52":0,"53":5,"54":0,"55":5,"56":0,"57":5,"58":1,"59":1,"60":1,"61":1,"62":1,"63":1},"f":{"0":2,"1":3,"2":1,"3":0,"4":0,"5":1,"6":5,"7":1},"b":{"0":[2,1],"1":[0,1],"2":[0,0],"3":[0,0],"4":[0,0],"5":[4,1],"6":[1,4],"7":[0,5],"8":[0,5],"9":[0,5]},"_coverageSchema":"1a1c01bbd47fc00a2c39e90264f33305004495a9","hash":"8ec463fccb53522ad6ed18ba8a7b2dca55bc505d"}
,"/Users/aimy1/Desktop/futureproof/lap1/maulers-server/models/entry.js": {"path":"/Users/aimy1/Desktop/futureproof/lap1/maulers-server/models/entry.js","statementMap":{"0":{"start":{"line":1,"column":11},"end":{"line":1,"column":24}},"1":{"start":{"line":7,"column":8},"end":{"line":7,"column":34}},"2":{"start":{"line":8,"column":8},"end":{"line":8,"column":34}},"3":{"start":{"line":9,"column":8},"end":{"line":9,"column":32}},"4":{"start":{"line":10,"column":8},"end":{"line":10,"column":36}},"5":{"start":{"line":11,"column":8},"end":{"line":11,"column":34}},"6":{"start":{"line":12,"column":8},"end":{"line":12,"column":38}},"7":{"start":{"line":13,"column":8},"end":{"line":13,"column":26}},"8":{"start":{"line":14,"column":8},"end":{"line":14,"column":26}},"9":{"start":{"line":15,"column":8},"end":{"line":15,"column":26}},"10":{"start":{"line":19,"column":8},"end":{"line":19,"column":47}},"11":{"start":{"line":20,"column":8},"end":{"line":20,"column":38}},"12":{"start":{"line":22,"column":24},"end":{"line":22,"column":66}},"13":{"start":{"line":22,"column":49},"end":{"line":22,"column":65}},"14":{"start":{"line":23,"column":8},"end":{"line":23,"column":23}},"15":{"start":{"line":27,"column":8},"end":{"line":27,"column":47}},"16":{"start":{"line":28,"column":8},"end":{"line":28,"column":38}},"17":{"start":{"line":29,"column":22},"end":{"line":29,"column":76}},"18":{"start":{"line":29,"column":50},"end":{"line":29,"column":72}},"19":{"start":{"line":30,"column":8},"end":{"line":32,"column":9}},"20":{"start":{"line":31,"column":12},"end":{"line":31,"column":19}},"21":{"start":{"line":33,"column":8},"end":{"line":33,"column":32}},"22":{"start":{"line":37,"column":27},"end":{"line":37,"column":47}},"23":{"start":{"line":38,"column":25},"end":{"line":48,"column":22}},"24":{"start":{"line":49,"column":8},"end":{"line":49,"column":33}},"25":{"start":{"line":50,"column":22},"end":{"line":50,"column":47}},"26":{"start":{"line":51,"column":8},"end":{"line":55,"column":11}},"27":{"start":{"line":52,"column":12},"end":{"line":52,"column":30}},"28":{"start":{"line":52,"column":20},"end":{"line":52,"column":30}},"29":{"start":{"line":54,"column":12},"end":{"line":54,"column":42}},"30":{"start":{"line":59,"column":8},"end":{"line":61,"column":9}},"31":{"start":{"line":60,"column":12},"end":{"line":60,"column":51}},"32":{"start":{"line":63,"column":8},"end":{"line":67,"column":9}},"33":{"start":{"line":64,"column":12},"end":{"line":64,"column":45}},"34":{"start":{"line":65,"column":15},"end":{"line":67,"column":9}},"35":{"start":{"line":66,"column":12},"end":{"line":66,"column":44}},"36":{"start":{"line":69,"column":8},"end":{"line":72,"column":9}},"37":{"start":{"line":71,"column":12},"end":{"line":71,"column":37}},"38":{"start":{"line":74,"column":8},"end":{"line":78,"column":9}},"39":{"start":{"line":77,"column":12},"end":{"line":77,"column":37}},"40":{"start":{"line":80,"column":24},"end":{"line":80,"column":49}},"41":{"start":{"line":82,"column":8},"end":{"line":85,"column":11}},"42":{"start":{"line":83,"column":12},"end":{"line":83,"column":31}},"43":{"start":{"line":83,"column":21},"end":{"line":83,"column":31}},"44":{"start":{"line":89,"column":22},"end":{"line":89,"column":82}},"45":{"start":{"line":89,"column":50},"end":{"line":89,"column":78}},"46":{"start":{"line":90,"column":8},"end":{"line":90,"column":53}},"47":{"start":{"line":91,"column":24},"end":{"line":91,"column":49}},"48":{"start":{"line":93,"column":8},"end":{"line":96,"column":11}},"49":{"start":{"line":94,"column":12},"end":{"line":94,"column":31}},"50":{"start":{"line":94,"column":21},"end":{"line":94,"column":31}},"51":{"start":{"line":101,"column":0},"end":{"line":101,"column":23}}},"fnMap":{"0":{"name":"(anonymous_0)","decl":{"start":{"line":6,"column":4},"end":{"line":6,"column":5}},"loc":{"start":{"line":6,"column":22},"end":{"line":16,"column":5}},"line":6},"1":{"name":"(anonymous_1)","decl":{"start":{"line":18,"column":4},"end":{"line":18,"column":5}},"loc":{"start":{"line":18,"column":21},"end":{"line":24,"column":5}},"line":18},"2":{"name":"(anonymous_2)","decl":{"start":{"line":22,"column":38},"end":{"line":22,"column":39}},"loc":{"start":{"line":22,"column":49},"end":{"line":22,"column":65}},"line":22},"3":{"name":"(anonymous_3)","decl":{"start":{"line":26,"column":4},"end":{"line":26,"column":5}},"loc":{"start":{"line":26,"column":28},"end":{"line":34,"column":5}},"line":26},"4":{"name":"(anonymous_4)","decl":{"start":{"line":29,"column":39},"end":{"line":29,"column":40}},"loc":{"start":{"line":29,"column":50},"end":{"line":29,"column":72}},"line":29},"5":{"name":"(anonymous_5)","decl":{"start":{"line":36,"column":4},"end":{"line":36,"column":5}},"loc":{"start":{"line":36,"column":25},"end":{"line":56,"column":5}},"line":36},"6":{"name":"(anonymous_6)","decl":{"start":{"line":51,"column":45},"end":{"line":51,"column":46}},"loc":{"start":{"line":51,"column":52},"end":{"line":55,"column":9}},"line":51},"7":{"name":"(anonymous_7)","decl":{"start":{"line":58,"column":4},"end":{"line":58,"column":5}},"loc":{"start":{"line":58,"column":27},"end":{"line":86,"column":5}},"line":58},"8":{"name":"(anonymous_8)","decl":{"start":{"line":82,"column":45},"end":{"line":82,"column":46}},"loc":{"start":{"line":82,"column":52},"end":{"line":85,"column":9}},"line":82},"9":{"name":"(anonymous_9)","decl":{"start":{"line":88,"column":4},"end":{"line":88,"column":5}},"loc":{"start":{"line":88,"column":14},"end":{"line":97,"column":5}},"line":88},"10":{"name":"(anonymous_10)","decl":{"start":{"line":89,"column":39},"end":{"line":89,"column":40}},"loc":{"start":{"line":89,"column":50},"end":{"line":89,"column":78}},"line":89},"11":{"name":"(anonymous_11)","decl":{"start":{"line":93,"column":45},"end":{"line":93,"column":46}},"loc":{"start":{"line":93,"column":52},"end":{"line":96,"column":9}},"line":93}},"branchMap":{"0":{"loc":{"start":{"line":30,"column":8},"end":{"line":32,"column":9}},"type":"if","locations":[{"start":{"line":30,"column":8},"end":{"line":32,"column":9}},{"start":{},"end":{}}],"line":30},"1":{"loc":{"start":{"line":52,"column":12},"end":{"line":52,"column":30}},"type":"if","locations":[{"start":{"line":52,"column":12},"end":{"line":52,"column":30}},{"start":{},"end":{}}],"line":52},"2":{"loc":{"start":{"line":59,"column":8},"end":{"line":61,"column":9}},"type":"if","locations":[{"start":{"line":59,"column":8},"end":{"line":61,"column":9}},{"start":{},"end":{}}],"line":59},"3":{"loc":{"start":{"line":63,"column":8},"end":{"line":67,"column":9}},"type":"if","locations":[{"start":{"line":63,"column":8},"end":{"line":67,"column":9}},{"start":{"line":65,"column":15},"end":{"line":67,"column":9}}],"line":63},"4":{"loc":{"start":{"line":63,"column":12},"end":{"line":63,"column":56}},"type":"binary-expr","locations":[{"start":{"line":63,"column":12},"end":{"line":63,"column":36}},{"start":{"line":63,"column":40},"end":{"line":63,"column":56}}],"line":63},"5":{"loc":{"start":{"line":65,"column":15},"end":{"line":67,"column":9}},"type":"if","locations":[{"start":{"line":65,"column":15},"end":{"line":67,"column":9}},{"start":{},"end":{}}],"line":65},"6":{"loc":{"start":{"line":65,"column":19},"end":{"line":65,"column":62}},"type":"binary-expr","locations":[{"start":{"line":65,"column":19},"end":{"line":65,"column":43}},{"start":{"line":65,"column":47},"end":{"line":65,"column":62}}],"line":65},"7":{"loc":{"start":{"line":69,"column":8},"end":{"line":72,"column":9}},"type":"if","locations":[{"start":{"line":69,"column":8},"end":{"line":72,"column":9}},{"start":{},"end":{}}],"line":69},"8":{"loc":{"start":{"line":69,"column":12},"end":{"line":70,"column":30}},"type":"binary-expr","locations":[{"start":{"line":69,"column":13},"end":{"line":69,"column":25}},{"start":{"line":69,"column":29},"end":{"line":69,"column":41}},{"start":{"line":69,"column":45},"end":{"line":69,"column":57}},{"start":{"line":70,"column":15},"end":{"line":70,"column":30}}],"line":69},"9":{"loc":{"start":{"line":74,"column":8},"end":{"line":78,"column":9}},"type":"if","locations":[{"start":{"line":74,"column":8},"end":{"line":78,"column":9}},{"start":{},"end":{}}],"line":74},"10":{"loc":{"start":{"line":74,"column":12},"end":{"line":76,"column":41}},"type":"binary-expr","locations":[{"start":{"line":74,"column":13},"end":{"line":74,"column":25}},{"start":{"line":74,"column":29},"end":{"line":74,"column":41}},{"start":{"line":74,"column":45},"end":{"line":74,"column":57}},{"start":{"line":75,"column":15},"end":{"line":75,"column":30}},{"start":{"line":76,"column":15},"end":{"line":76,"column":41}}],"line":74},"11":{"loc":{"start":{"line":83,"column":12},"end":{"line":83,"column":31}},"type":"if","locations":[{"start":{"line":83,"column":12},"end":{"line":83,"column":31}},{"start":{},"end":{}}],"line":83},"12":{"loc":{"start":{"line":94,"column":12},"end":{"line":94,"column":31}},"type":"if","locations":[{"start":{"line":94,"column":12},"end":{"line":94,"column":31}},{"start":{},"end":{}}],"line":94}},"s":{"0":1,"1":17,"2":17,"3":17,"4":17,"5":17,"6":17,"7":17,"8":17,"9":17,"10":2,"11":2,"12":2,"13":8,"14":2,"15":10,"16":10,"17":10,"18":47,"19":10,"20":2,"21":8,"22":1,"23":1,"24":1,"25":1,"26":1,"27":1,"28":0,"29":1,"30":5,"31":4,"32":5,"33":0,"34":5,"35":1,"36":5,"37":0,"38":5,"39":0,"40":5,"41":5,"42":5,"43":0,"44":1,"45":5,"46":1,"47":1,"48":1,"49":1,"50":0,"51":1},"f":{"0":17,"1":2,"2":8,"3":10,"4":47,"5":1,"6":1,"7":5,"8":5,"9":1,"10":5,"11":1},"b":{"0":[2,8],"1":[0,1],"2":[4,1],"3":[0,5],"4":[5,1],"5":[1,4],"6":[5,1],"7":[0,5],"8":[5,5,5,0],"9":[0,5],"10":[5,5,5,0,0],"11":[0,5],"12":[0,1]},"_coverageSchema":"1a1c01bbd47fc00a2c39e90264f33305004495a9","hash":"d93251192daa27efb2d6be10492a197040eac066"}
}
