TN:
SF:server.js
FN:19,(anonymous_0)
FNF:1
FNH:1
FNDA:1,(anonymous_0)
DA:1,1
DA:2,1
DA:4,1
DA:5,1
DA:7,1
DA:8,1
DA:17,1
DA:19,1
DA:20,1
DA:23,1
DA:25,1
LF:11
LH:11
BRF:0
BRH:0
end_of_record
TN:
SF:controllers/entries.js
FN:6,(anonymous_0)
FN:11,(anonymous_1)
FN:27,(anonymous_2)
FN:43,(anonymous_3)
FN:62,(anonymous_4)
FN:81,(anonymous_5)
FN:87,(anonymous_6)
FN:112,(anonymous_7)
FNF:8
FNH:6
FNDA:2,(anonymous_0)
FNDA:3,(anonymous_1)
FNDA:1,(anonymous_2)
FNDA:0,(anonymous_3)
FNDA:0,(anonymous_4)
FNDA:1,(anonymous_5)
FNDA:5,(anonymous_6)
FNDA:1,(anonymous_7)
DA:1,1
DA:2,1
DA:3,1
DA:6,1
DA:7,2
DA:8,2
DA:11,1
DA:14,3
DA:15,3
DA:16,3
DA:17,3
DA:18,2
DA:20,1
DA:23,2
DA:27,1
DA:30,1
DA:31,1
DA:32,1
DA:33,1
DA:34,0
DA:36,1
DA:39,0
DA:43,1
DA:46,0
DA:47,0
DA:48,0
DA:49,0
DA:50,0
DA:51,0
DA:53,0
DA:56,0
DA:62,1
DA:63,0
DA:67,0
DA:69,0
DA:70,0
DA:71,0
DA:72,0
DA:74,0
DA:81,1
DA:82,1
DA:83,1
DA:84,1
DA:87,1
DA:89,5
DA:91,5
DA:93,5
DA:94,4
DA:96,5
DA:97,1
DA:99,5
DA:100,0
DA:102,5
DA:103,0
DA:105,5
DA:106,0
DA:109,5
DA:112,1
DA:113,1
DA:114,1
DA:115,1
DA:116,1
DA:120,1
LF:63
LH:43
BRDA:17,0,0,2
BRDA:17,0,1,1
BRDA:33,1,0,0
BRDA:33,1,1,1
BRDA:50,2,0,0
BRDA:50,2,1,0
BRDA:70,3,0,0
BRDA:70,3,1,0
BRDA:71,4,0,0
BRDA:71,4,1,0
BRDA:93,5,0,4
BRDA:93,5,1,1
BRDA:96,6,0,1
BRDA:96,6,1,4
BRDA:99,7,0,0
BRDA:99,7,1,5
BRDA:102,8,0,0
BRDA:102,8,1,5
BRDA:105,9,0,0
BRDA:105,9,1,5
BRF:20
BRH:10
end_of_record
TN:
SF:models/entry.js
FN:6,(anonymous_0)
FN:18,(anonymous_1)
FN:22,(anonymous_2)
FN:26,(anonymous_3)
FN:29,(anonymous_4)
FN:36,(anonymous_5)
FN:51,(anonymous_6)
FN:58,(anonymous_7)
FN:82,(anonymous_8)
FN:88,(anonymous_9)
FN:89,(anonymous_10)
FN:93,(anonymous_11)
FNF:12
FNH:12
FNDA:17,(anonymous_0)
FNDA:2,(anonymous_1)
FNDA:8,(anonymous_2)
FNDA:10,(anonymous_3)
FNDA:47,(anonymous_4)
FNDA:1,(anonymous_5)
FNDA:1,(anonymous_6)
FNDA:5,(anonymous_7)
FNDA:5,(anonymous_8)
FNDA:1,(anonymous_9)
FNDA:5,(anonymous_10)
FNDA:1,(anonymous_11)
DA:1,1
DA:7,17
DA:8,17
DA:9,17
DA:10,17
DA:11,17
DA:12,17
DA:13,17
DA:14,17
DA:15,17
DA:19,2
DA:20,2
DA:22,8
DA:23,2
DA:27,10
DA:28,10
DA:29,47
DA:30,10
DA:31,2
DA:33,8
DA:37,1
DA:38,1
DA:49,1
DA:50,1
DA:51,1
DA:52,1
DA:54,1
DA:59,5
DA:60,4
DA:63,5
DA:64,0
DA:65,5
DA:66,1
DA:69,5
DA:71,0
DA:74,5
DA:77,0
DA:80,5
DA:82,5
DA:83,5
DA:89,5
DA:90,1
DA:91,1
DA:93,1
DA:94,1
DA:101,1
LF:46
LH:43
BRDA:30,0,0,2
BRDA:30,0,1,8
BRDA:52,1,0,0
BRDA:52,1,1,1
BRDA:59,2,0,4
BRDA:59,2,1,1
BRDA:63,3,0,0
BRDA:63,3,1,5
BRDA:63,4,0,5
BRDA:63,4,1,1
BRDA:65,5,0,1
BRDA:65,5,1,4
BRDA:65,6,0,5
BRDA:65,6,1,1
BRDA:69,7,0,0
BRDA:69,7,1,5
BRDA:69,8,0,5
BRDA:69,8,1,5
BRDA:69,8,2,5
BRDA:69,8,3,0
BRDA:74,9,0,0
BRDA:74,9,1,5
BRDA:74,10,0,5
BRDA:74,10,1,5
BRDA:74,10,2,5
BRDA:74,10,3,0
BRDA:74,10,4,0
BRDA:83,11,0,0
BRDA:83,11,1,5
BRDA:94,12,0,0
BRDA:94,12,1,1
BRF:31
BRH:22
end_of_record
